<?xml version="1.0" encoding="GBK" standalone="no"?>
<!DOCTYPE log SYSTEM "logger.dtd">
<log>
<record>
  <date>2019-11-01T17:56:49</date>
  <millis>1572602209642</millis>
  <sequence>5</sequence>
  <logger>ESPlorer.ESPlorer</logger>
  <level>INFO</level>
  <class>ESPlorer.ESPlorer</class>
  <method>log</method>
  <thread>16</thread>
  <message>Load saved settings: Firmware:NodeMCU</message>
</record>
<record>
  <date>2019-11-01T17:56:49</date>
  <millis>1572602209654</millis>
  <sequence>6</sequence>
  <logger>ESPlorer.ESPlorer</logger>
  <level>INFO</level>
  <class>ESPlorer.ESPlorer</class>
  <method>log</method>
  <thread>16</thread>
  <message>Snippets: loading...</message>
</record>
<record>
  <date>2019-11-01T17:56:49</date>
  <millis>1572602209661</millis>
  <sequence>7</sequence>
  <logger>ESPlorer.ESPlorer</logger>
  <level>INFO</level>
  <class>ESPlorer.ESPlorer</class>
  <method>log</method>
  <thread>16</thread>
  <message>Snippets load: Success.</message>
</record>
<record>
  <date>2019-11-01T17:56:49</date>
  <millis>1572602209693</millis>
  <sequence>8</sequence>
  <logger>ESPlorer.ESPlorer</logger>
  <level>INFO</level>
  <class>ESPlorer.ESPlorer</class>
  <method>log</method>
  <thread>16</thread>
  <message>Set new color theme: Success.</message>
</record>
<record>
  <date>2019-11-01T17:56:49</date>
  <millis>1572602209696</millis>
  <sequence>9</sequence>
  <logger>ESPlorer.ESPlorer</logger>
  <level>INFO</level>
  <class>ESPlorer.ESPlorer</class>
  <method>log</method>
  <thread>16</thread>
  <message>Load saved settings: DONE.</message>
</record>
<record>
  <date>2019-11-01T17:56:49</date>
  <millis>1572602209697</millis>
  <sequence>10</sequence>
  <logger>ESPlorer.ESPlorer</logger>
  <level>INFO</level>
  <class>ESPlorer.ESPlorer</class>
  <method>log</method>
  <thread>16</thread>
  <message>Snippets: loading...</message>
</record>
<record>
  <date>2019-11-01T17:56:49</date>
  <millis>1572602209700</millis>
  <sequence>11</sequence>
  <logger>ESPlorer.ESPlorer</logger>
  <level>INFO</level>
  <class>ESPlorer.ESPlorer</class>
  <method>log</method>
  <thread>16</thread>
  <message>Snippets load: Success.</message>
</record>
<record>
  <date>2019-11-01T17:56:49</date>
  <millis>1572602209878</millis>
  <sequence>12</sequence>
  <logger>ESPlorer.ESPlorer</logger>
  <level>INFO</level>
  <class>ESPlorer.ESPlorer</class>
  <method>log</method>
  <thread>16</thread>
  <message>Scan system...</message>
</record>
<record>
  <date>2019-11-01T17:56:49</date>
  <millis>1572602209882</millis>
  <sequence>13</sequence>
  <logger>ESPlorer.ESPlorer</logger>
  <level>INFO</level>
  <class>ESPlorer.ESPlorer</class>
  <method>log</method>
  <thread>16</thread>
  <message>found COM3</message>
</record>
<record>
  <date>2019-11-01T17:56:49</date>
  <millis>1572602209883</millis>
  <sequence>14</sequence>
  <logger>ESPlorer.ESPlorer</logger>
  <level>INFO</level>
  <class>ESPlorer.ESPlorer</class>
  <method>log</method>
  <thread>16</thread>
  <message>found last saved serial port COM9</message>
</record>
<record>
  <date>2019-11-01T17:56:49</date>
  <millis>1572602209884</millis>
  <sequence>15</sequence>
  <logger>ESPlorer.ESPlorer</logger>
  <level>INFO</level>
  <class>ESPlorer.ESPlorer</class>
  <method>log</method>
  <thread>16</thread>
  <message>Scan done.</message>
</record>
<record>
  <date>2019-11-01T17:56:52</date>
  <millis>1572602212365</millis>
  <sequence>16</sequence>
  <logger>ESPlorer.ESPlorer</logger>
  <level>INFO</level>
  <class>ESPlorer.ESPlorer</class>
  <method>log</method>
  <thread>16</thread>
  <message>Serial port COM9 save as default.</message>
</record>
<record>
  <date>2019-11-01T17:56:52</date>
  <millis>1572602212367</millis>
  <sequence>17</sequence>
  <logger>ESPlorer.ESPlorer</logger>
  <level>INFO</level>
  <class>ESPlorer.ESPlorer</class>
  <method>log</method>
  <thread>16</thread>
  <message>Baud rate 115200 save as default.</message>
</record>
<record>
  <date>2019-11-01T17:56:52</date>
  <millis>1572602212368</millis>
  <sequence>18</sequence>
  <logger>ESPlorer.ESPlorer</logger>
  <level>INFO</level>
  <class>ESPlorer.ESPlorer</class>
  <method>log</method>
  <thread>16</thread>
  <message>Try to open port COM9, baud 115200, 8N1</message>
</record>
<record>
  <date>2019-11-01T17:56:52</date>
  <millis>1572602212449</millis>
  <sequence>19</sequence>
  <logger>ESPlorer.ESPlorer</logger>
  <level>INFO</level>
  <class>ESPlorer.ESPlorer</class>
  <method>log</method>
  <thread>16</thread>
  <message>Open port COM9 - Success.</message>
</record>
<record>
  <date>2019-11-01T17:56:53</date>
  <millis>1572602213781</millis>
  <sequence>20</sequence>
  <logger>ESPlorer.ESPlorer</logger>
  <level>INFO</level>
  <class>ESPlorer.ESPlorer</class>
  <method>log</method>
  <thread>16</thread>
  <message>sending:=node.heap()&lt;CR&gt;&lt;LF&gt;</message>
</record>
<record>
  <date>2019-11-01T17:57:05</date>
  <millis>1572602225897</millis>
  <sequence>21</sequence>
  <logger>ESPlorer.ESPlorer</logger>
  <level>INFO</level>
  <class>ESPlorer.ESPlorer</class>
  <method>log</method>
  <thread>16</thread>
  <message>Try to open file wifi_SmartConfig.lua</message>
</record>
<record>
  <date>2019-11-01T17:57:05</date>
  <millis>1572602225898</millis>
  <sequence>22</sequence>
  <logger>ESPlorer.ESPlorer</logger>
  <level>INFO</level>
  <class>ESPlorer.ESPlorer</class>
  <method>log</method>
  <thread>16</thread>
  <message>File name: D:\yang\ESP8266\LuaDemo\wifi_SmartConfig.lua</message>
</record>
<record>
  <date>2019-11-01T17:57:05</date>
  <millis>1572602225900</millis>
  <sequence>23</sequence>
  <logger>ESPlorer.ESPlorer</logger>
  <level>INFO</level>
  <class>ESPlorer.ESPlorer</class>
  <method>log</method>
  <thread>16</thread>
  <message>Try to load file wifi_SmartConfig.lua</message>
</record>
<record>
  <date>2019-11-01T17:57:05</date>
  <millis>1572602225919</millis>
  <sequence>24</sequence>
  <logger>ESPlorer.ESPlorer</logger>
  <level>INFO</level>
  <class>ESPlorer.ESPlorer</class>
  <method>log</method>
  <thread>16</thread>
  <message>Loading wifi_SmartConfig.lua: Success.</message>
</record>
<record>
  <date>2019-11-01T17:57:05</date>
  <millis>1572602225920</millis>
  <sequence>25</sequence>
  <logger>ESPlorer.ESPlorer</logger>
  <level>INFO</level>
  <class>ESPlorer.ESPlorer</class>
  <method>log</method>
  <thread>16</thread>
  <message>Open "wifi_SmartConfig.lua": Success.</message>
</record>
<record>
  <date>2019-11-01T17:57:07</date>
  <millis>1572602227458</millis>
  <sequence>26</sequence>
  <logger>ESPlorer.ESPlorer</logger>
  <level>INFO</level>
  <class>ESPlorer.ESPlorer</class>
  <method>log</method>
  <thread>16</thread>
  <message>FileManager: Add EventListener: Success.</message>
</record>
<record>
  <date>2019-11-01T17:57:07</date>
  <millis>1572602227464</millis>
  <sequence>27</sequence>
  <logger>ESPlorer.ESPlorer</logger>
  <level>INFO</level>
  <class>ESPlorer.ESPlorer</class>
  <method>log</method>
  <thread>16</thread>
  <message>FileManager: Starting...</message>
</record>
<record>
  <date>2019-11-01T17:57:07</date>
  <millis>1572602227493</millis>
  <sequence>28</sequence>
  <logger>ESPlorer.ESPlorer</logger>
  <level>INFO</level>
  <class>ESPlorer.ESPlorer</class>
  <method>log</method>
  <thread>16</thread>
  <message>sending: _dir=function() local k,v,l print("~~~File ".."list START~~~") for k,v in pairs(file.list()) do l = string.format("%-15s",k) print(l.." : "..v.." bytes") end print("~~~File ".."list END~~~") end _dir() _dir=nil</message>
</record>
<record>
  <date>2019-11-01T17:57:07</date>
  <millis>1572602227544</millis>
  <sequence>29</sequence>
  <logger>ESPlorer.ESPlorer</logger>
  <level>INFO</level>
  <class>ESPlorer.ESPlorer</class>
  <method>log</method>
  <thread>30</thread>
  <message>FileManager: File list found! Do parsing...</message>
</record>
<record>
  <date>2019-11-01T17:57:07</date>
  <millis>1572602227546</millis>
  <sequence>30</sequence>
  <logger>ESPlorer.ESPlorer</logger>
  <level>INFO</level>
  <class>ESPlorer.ESPlorer</class>
  <method>log</method>
  <thread>30</thread>
  <message>FileManager: File list parsing done, found 0 file(s).</message>
</record>
<record>
  <date>2019-11-01T17:57:07</date>
  <millis>1572602227562</millis>
  <sequence>31</sequence>
  <logger>ESPlorer.ESPlorer</logger>
  <level>INFO</level>
  <class>ESPlorer.ESPlorer</class>
  <method>log</method>
  <thread>30</thread>
  <message>sending:r,u,t=file.fsinfo() print("Total : "..t.." bytes\r\nUsed  : "..u.." bytes\r\nRemain: "..r.." bytes\r\n") r=nil u=nil t=nil&lt;CR&gt;&lt;LF&gt;</message>
</record>
<record>
  <date>2019-11-01T17:57:29</date>
  <millis>1572602249471</millis>
  <sequence>32</sequence>
  <logger>ESPlorer.ESPlorer</logger>
  <level>INFO</level>
  <class>ESPlorer.ESPlorer</class>
  <method>log</method>
  <thread>16</thread>
  <message>Uploader: chooser selected file:0</message>
</record>
<record>
  <date>2019-11-01T17:57:29</date>
  <millis>1572602249472</millis>
  <sequence>33</sequence>
  <logger>ESPlorer.ESPlorer</logger>
  <level>INFO</level>
  <class>ESPlorer.ESPlorer</class>
  <method>log</method>
  <thread>16</thread>
  <message>Uploader: no file selected</message>
</record>
<record>
  <date>2019-11-01T17:57:36</date>
  <millis>1572602256864</millis>
  <sequence>34</sequence>
  <logger>ESPlorer.ESPlorer</logger>
  <level>INFO</level>
  <class>ESPlorer.ESPlorer</class>
  <method>log</method>
  <thread>16</thread>
  <message>Uploader: chooser selected file:0</message>
</record>
<record>
  <date>2019-11-01T17:57:36</date>
  <millis>1572602256866</millis>
  <sequence>35</sequence>
  <logger>ESPlorer.ESPlorer</logger>
  <level>INFO</level>
  <class>ESPlorer.ESPlorer</class>
  <method>log</method>
  <thread>16</thread>
  <message>Uploader: no file selected</message>
</record>
<record>
  <date>2019-11-01T17:57:37</date>
  <millis>1572602257912</millis>
  <sequence>36</sequence>
  <logger>ESPlorer.ESPlorer</logger>
  <level>INFO</level>
  <class>ESPlorer.ESPlorer</class>
  <method>log</method>
  <thread>16</thread>
  <message>FileManager: Add EventListener: Success.</message>
</record>
<record>
  <date>2019-11-01T17:57:37</date>
  <millis>1572602257918</millis>
  <sequence>37</sequence>
  <logger>ESPlorer.ESPlorer</logger>
  <level>INFO</level>
  <class>ESPlorer.ESPlorer</class>
  <method>log</method>
  <thread>16</thread>
  <message>FileManager: Starting...</message>
</record>
<record>
  <date>2019-11-01T17:57:37</date>
  <millis>1572602257949</millis>
  <sequence>38</sequence>
  <logger>ESPlorer.ESPlorer</logger>
  <level>INFO</level>
  <class>ESPlorer.ESPlorer</class>
  <method>log</method>
  <thread>16</thread>
  <message>sending: _dir=function() local k,v,l print("~~~File ".."list START~~~") for k,v in pairs(file.list()) do l = string.format("%-15s",k) print(l.." : "..v.." bytes") end print("~~~File ".."list END~~~") end _dir() _dir=nil</message>
</record>
<record>
  <date>2019-11-01T17:57:37</date>
  <millis>1572602257998</millis>
  <sequence>39</sequence>
  <logger>ESPlorer.ESPlorer</logger>
  <level>INFO</level>
  <class>ESPlorer.ESPlorer</class>
  <method>log</method>
  <thread>40</thread>
  <message>FileManager: File list found! Do parsing...</message>
</record>
<record>
  <date>2019-11-01T17:57:38</date>
  <millis>1572602258005</millis>
  <sequence>40</sequence>
  <logger>ESPlorer.ESPlorer</logger>
  <level>INFO</level>
  <class>ESPlorer.ESPlorer</class>
  <method>log</method>
  <thread>40</thread>
  <message>FileManager: File list parsing done, found 0 file(s).</message>
</record>
<record>
  <date>2019-11-01T17:57:38</date>
  <millis>1572602258025</millis>
  <sequence>41</sequence>
  <logger>ESPlorer.ESPlorer</logger>
  <level>INFO</level>
  <class>ESPlorer.ESPlorer</class>
  <method>log</method>
  <thread>40</thread>
  <message>sending:r,u,t=file.fsinfo() print("Total : "..t.." bytes\r\nUsed  : "..u.." bytes\r\nRemain: "..r.." bytes\r\n") r=nil u=nil t=nil&lt;CR&gt;&lt;LF&gt;</message>
</record>
<record>
  <date>2019-11-01T17:57:41</date>
  <millis>1572602261663</millis>
  <sequence>42</sequence>
  <logger>ESPlorer.ESPlorer</logger>
  <level>INFO</level>
  <class>ESPlorer.ESPlorer</class>
  <method>log</method>
  <thread>16</thread>
  <message>Uploader: chooser selected file:1</message>
</record>
<record>
  <date>2019-11-01T17:57:41</date>
  <millis>1572602261664</millis>
  <sequence>43</sequence>
  <logger>ESPlorer.ESPlorer</logger>
  <level>INFO</level>
  <class>ESPlorer.ESPlorer</class>
  <method>log</method>
  <thread>16</thread>
  <message>BinaryFileLoader: Try to load file wifi_SmartConfig.lua ...</message>
</record>
<record>
  <date>2019-11-01T17:57:41</date>
  <millis>1572602261666</millis>
  <sequence>44</sequence>
  <logger>ESPlorer.ESPlorer</logger>
  <level>INFO</level>
  <class>ESPlorer.ESPlorer</class>
  <method>log</method>
  <thread>16</thread>
  <message>BinaryFileLoader: Load file wifi_SmartConfig.lua: Success, size:163</message>
</record>
<record>
  <date>2019-11-01T17:57:41</date>
  <millis>1572602261666</millis>
  <sequence>45</sequence>
  <logger>ESPlorer.ESPlorer</logger>
  <level>INFO</level>
  <class>ESPlorer.ESPlorer</class>
  <method>log</method>
  <thread>16</thread>
  <message>1. packets = 0</message>
</record>
<record>
  <date>2019-11-01T17:57:41</date>
  <millis>1572602261668</millis>
  <sequence>46</sequence>
  <logger>ESPlorer.ESPlorer</logger>
  <level>INFO</level>
  <class>ESPlorer.ESPlorer</class>
  <method>log</method>
  <thread>16</thread>
  <message>2. packets = 1</message>
</record>
<record>
  <date>2019-11-01T17:57:41</date>
  <millis>1572602261668</millis>
  <sequence>47</sequence>
  <logger>ESPlorer.ESPlorer</logger>
  <level>INFO</level>
  <class>ESPlorer.ESPlorer</class>
  <method>log</method>
  <thread>16</thread>
  <message>3. packet = 0</message>
</record>
<record>
  <date>2019-11-01T17:57:41</date>
  <millis>1572602261669</millis>
  <sequence>48</sequence>
  <logger>ESPlorer.ESPlorer</logger>
  <level>INFO</level>
  <class>ESPlorer.ESPlorer</class>
  <method>log</method>
  <thread>16</thread>
  <message>BinaryFileLoader: Prepare next packet for send, len=163</message>
</record>
<record>
  <date>2019-11-01T17:57:41</date>
  <millis>1572602261670</millis>
  <sequence>49</sequence>
  <logger>ESPlorer.ESPlorer</logger>
  <level>INFO</level>
  <class>ESPlorer.ESPlorer</class>
  <method>log</method>
  <thread>16</thread>
  <message>BinaryFileLoader: Total packets prepared=1</message>
</record>
<record>
  <date>2019-11-01T17:57:41</date>
  <millis>1572602261671</millis>
  <sequence>50</sequence>
  <logger>ESPlorer.ESPlorer</logger>
  <level>INFO</level>
  <class>ESPlorer.ESPlorer</class>
  <method>log</method>
  <thread>16</thread>
  <message>sendPackets=1</message>
</record>
<record>
  <date>2019-11-01T17:57:41</date>
  <millis>1572602261672</millis>
  <sequence>51</sequence>
  <logger>ESPlorer.ESPlorer</logger>
  <level>INFO</level>
  <class>ESPlorer.ESPlorer</class>
  <method>log</method>
  <thread>16</thread>
  <message>Uploader: Starting...</message>
</record>
<record>
  <date>2019-11-01T17:57:41</date>
  <millis>1572602261682</millis>
  <sequence>52</sequence>
  <logger>ESPlorer.ESPlorer</logger>
  <level>INFO</level>
  <class>ESPlorer.ESPlorer</class>
  <method>log</method>
  <thread>16</thread>
  <message>Uploader: Add EventListener: Success.</message>
</record>
<record>
  <date>2019-11-01T17:57:41</date>
  <millis>1572602261684</millis>
  <sequence>53</sequence>
  <logger>ESPlorer.ESPlorer</logger>
  <level>INFO</level>
  <class>ESPlorer.ESPlorer</class>
  <method>log</method>
  <thread>16</thread>
  <message>Uploader: Start</message>
</record>
<record>
  <date>2019-11-01T17:57:41</date>
  <millis>1572602261701</millis>
  <sequence>54</sequence>
  <logger>ESPlorer.ESPlorer</logger>
  <level>INFO</level>
  <class>ESPlorer.ESPlorer</class>
  <method>log</method>
  <thread>16</thread>
  <message>sending: _up=function(n,l,ll) local cs = 0 local i = 0 print("&gt;".." ") uart.on("data", l, function(b) i = i + 1 file.open("wifi_SmartConfig.lua",'a+') file.write(b) file.close() cs=0 for j=1, l do cs = cs + (b:byte(j)*20)%19 end</message>
</record>
<record>
  <date>2019-11-01T17:57:41</date>
  <millis>1572602261797</millis>
  <sequence>55</sequence>
  <logger>ESPlorer.ESPlorer</logger>
  <level>INFO</level>
  <class>ESPlorer.ESPlorer</class>
  <method>log</method>
  <thread>16</thread>
  <message>sending:          uart.write(0,"~~~CRC-".."START~~~"..cs.."~~~CRC-".."END~~~") if i == n then uart.on("data") end if i == n-1 and ll&gt;0 then _up(1,ll,ll) end end,0) end file.remove("wifi_SmartConfig.lua")</message>
</record>
<record>
  <date>2019-11-01T17:57:41</date>
  <millis>1572602261862</millis>
  <sequence>56</sequence>
  <logger>ESPlorer.ESPlorer</logger>
  <level>INFO</level>
  <class>ESPlorer.ESPlorer</class>
  <method>log</method>
  <thread>16</thread>
  <message>sending:_up(1,163,163)</message>
</record>
<record>
  <date>2019-11-01T17:57:41</date>
  <millis>1572602261947</millis>
  <sequence>57</sequence>
  <logger>ESPlorer.ESPlorer</logger>
  <level>INFO</level>
  <class>ESPlorer.ESPlorer</class>
  <method>log</method>
  <thread>46</thread>
  <message>Uploader: receiving checksum 1/1 check: Success</message>
</record>
<record>
  <date>2019-11-01T17:57:41</date>
  <millis>1572602261948</millis>
  <sequence>58</sequence>
  <logger>ESPlorer.ESPlorer</logger>
  <level>INFO</level>
  <class>ESPlorer.ESPlorer</class>
  <method>log</method>
  <thread>46</thread>
  <message>sending:_up=nil</message>
</record>
<record>
  <date>2019-11-01T17:57:41</date>
  <millis>1572602261950</millis>
  <sequence>59</sequence>
  <logger>ESPlorer.ESPlorer</logger>
  <level>INFO</level>
  <class>ESPlorer.ESPlorer</class>
  <method>log</method>
  <thread>46</thread>
  <message>Uploader: Success</message>
</record>
<record>
  <date>2019-11-01T17:57:41</date>
  <millis>1572602261962</millis>
  <sequence>60</sequence>
  <logger>ESPlorer.ESPlorer</logger>
  <level>INFO</level>
  <class>ESPlorer.ESPlorer</class>
  <method>log</method>
  <thread>46</thread>
  <message>Operation done. Duration = 289 ms</message>
</record>
<record>
  <date>2019-11-01T17:57:43</date>
  <millis>1572602263729</millis>
  <sequence>61</sequence>
  <logger>ESPlorer.ESPlorer</logger>
  <level>INFO</level>
  <class>ESPlorer.ESPlorer</class>
  <method>log</method>
  <thread>16</thread>
  <message>sending:dofile('wifi_SmartConfig.lua')&lt;CR&gt;&lt;LF&gt;</message>
</record>
<record>
  <date>2019-11-01T17:58:42</date>
  <millis>1572602322551</millis>
  <sequence>62</sequence>
  <logger>ESPlorer.ESPlorer</logger>
  <level>INFO</level>
  <class>ESPlorer.ESPlorer</class>
  <method>log</method>
  <thread>16</thread>
  <message>Close port COM9 - Success.</message>
</record>
<record>
  <date>2019-11-01T18:04:09</date>
  <millis>1572602649696</millis>
  <sequence>63</sequence>
  <logger>ESPlorer.ESPlorer</logger>
  <level>INFO</level>
  <class>ESPlorer.ESPlorer</class>
  <method>log</method>
  <thread>16</thread>
  <message>FileTab cleared: Success.</message>
</record>
<record>
  <date>2019-11-01T18:04:09</date>
  <millis>1572602649696</millis>
  <sequence>64</sequence>
  <logger>ESPlorer.ESPlorer</logger>
  <level>INFO</level>
  <class>ESPlorer.ESPlorer</class>
  <method>log</method>
  <thread>16</thread>
  <message>File close: Success.</message>
</record>
</log>
